<?xml version="1.0" encoding="UTF-8"?>
<testsuite name="com.bridgelabz.ParkingLotTest" tests="20" skipped="0" failures="0" errors="0" timestamp="2021-11-26T13:55:48" hostname="DESKTOP-U9VT6NQ" time="0.222">
  <properties/>
  <testcase name="givenAVehicle_WhenSearchForBMWVehicle_ShouldLocateProperly()" classname="com.bridgelabz.ParkingLotTest" time="0.084"/>
  <testcase name="givenPoliceDepartment_WheSearchForHandicapVehicles_ShouldThrowException()" classname="com.bridgelabz.ParkingLotTest" time="0.008"/>
  <testcase name="givenAVehicle_WhenSearchForParkedWhiteColorVehicle_ShouldReturnTheLocation()" classname="com.bridgelabz.ParkingLotTest" time="0.002"/>
  <testcase name="givenAVehicle_WhenSearchForBlueToyota_ShouldReturnTheLocation()" classname="com.bridgelabz.ParkingLotTest" time="0.007"/>
  <testcase name="givenWhenParkingLotIsFull_ShouldInformTheSecurity()" classname="com.bridgelabz.ParkingLotTest" time="0.009"/>
  <testcase name="givenVehicles_WhenEvenlyParked_ShouldReturnTrue()" classname="com.bridgelabz.ParkingLotTest" time="0.003"/>
  <testcase name="givenAVehicle_WhenThereAreNoBlueToyota_ShouldThrowException()" classname="com.bridgelabz.ParkingLotTest" time="0.006"/>
  <testcase name="givenAVehicle_WhenParked_ShouldReturnTrue()" classname="com.bridgelabz.ParkingLotTest" time="0.002"/>
  <testcase name="givenAVehicle_WhenThereAreNoBMWVehicles_ShouldThrowException()" classname="com.bridgelabz.ParkingLotTest" time="0.004"/>
  <testcase name="givenPoliceDepartment_WhenThereAreNoWhiteVehicles_ShouldThrowException()" classname="com.bridgelabz.ParkingLotTest" time="0.007"/>
  <testcase name="givenAVehicle_WhenParked_ThenCheckForPosition_ShouldReturnPosition()" classname="com.bridgelabz.ParkingLotTest" time="0.008"/>
  <testcase name="givenVehicle_WhenCheckedVehicleNumber_ShouldPassVehicleNumberPlateValidation()" classname="com.bridgelabz.ParkingLotTest" time="0.004"/>
  <testcase name="givenWhenParkingLotIsFull_ShouldInformTheOwner()" classname="com.bridgelabz.ParkingLotTest" time="0.004"/>
  <testcase name="givenANullVehicle_WhenUnParked_ShouldThrowException()" classname="com.bridgelabz.ParkingLotTest" time="0.003"/>
  <testcase name="givenHandicappedPerson_WhenParkedVehicleByAttendantShouldReturnTrue()" classname="com.bridgelabz.ParkingLotTest" time="0.006"/>
  <testcase name="givenAVehicle_WhenUnParked_ShouldReturnTrue()" classname="com.bridgelabz.ParkingLotTest" time="0.005"/>
  <testcase name="givenAVehicle_WhenAlreadyParked_ShouldThrowException()" classname="com.bridgelabz.ParkingLotTest" time="0.003"/>
  <testcase name="givenToParkVehicleByAttendant_ShouldReturnTrue()" classname="com.bridgelabz.ParkingLotTest" time="0.002"/>
  <testcase name="givenAVehicle_WhenParked_ThenCheckTimeOfParking_ShouldReturnParkingTime()" classname="com.bridgelabz.ParkingLotTest" time="0.003"/>
  <testcase name="givenAVehicle_WhenParkedForLast30Minutes_ShouldReturnThePosition()" classname="com.bridgelabz.ParkingLotTest" time="0.005"/>
  <system-out><![CDATA[0
19:25:48.652211400
]]></system-out>
  <system-err><![CDATA[]]></system-err>
</testsuite>
