<?xml version="1.0" encoding="UTF-8"?>
<testsuite name="com.bridgelabz.ParkingLotTest" tests="1" skipped="0" failures="0" errors="0" timestamp="2021-11-24T15:05:12" hostname="DESKTOP-U9VT6NQ" time="0.061">
  <properties/>
  <testcase name="givenANullVehicle_WhenUnParked_ShouldThrowException()" classname="com.bridgelabz.ParkingLotTest" time="0.061"/>
  <system-out><![CDATA[]]></system-out>
  <system-err><![CDATA[]]></system-err>
</testsuite>
