<?xml version="1.0" encoding="UTF-8"?>
<testsuite name="com.bridgelabz.ParkingLotTest" tests="14" skipped="0" failures="0" errors="0" timestamp="2021-11-23T16:55:13" hostname="DESKTOP-U9VT6NQ" time="0.647">
  <properties/>
  <testcase name="givenPoliceDepartment_WhenSearchForBlueToyotaVehicles_ShouldReturnTrue()" classname="com.bridgelabz.ParkingLotTest" time="0.262"/>
  <testcase name="givenPoliceDepartment_WhenBMWVehicles_ShouldReturnTrue()" classname="com.bridgelabz.ParkingLotTest" time="0.008"/>
  <testcase name="givenWhenParkingLotIsFull_ShouldInformTheSecurity()" classname="com.bridgelabz.ParkingLotTest" time="0.019"/>
  <testcase name="givenPoliceDepartment_WhenThereAreNoBlueToyotaVehicles_ShouldThrowException()" classname="com.bridgelabz.ParkingLotTest" time="0.022"/>
  <testcase name="givenADriver_WhenWantsToFindVehicle_ShouldReturnTrue()" classname="com.bridgelabz.ParkingLotTest" time="0.013"/>
  <testcase name="givenVehicles_WhenEvenlyParked_ShouldReturnTrue()" classname="com.bridgelabz.ParkingLotTest" time="0.019"/>
  <testcase name="givenPoliceDepartment_WhenSearchForWhiteVehicles_ShouldReturnTrue()" classname="com.bridgelabz.ParkingLotTest" time="0.025"/>
  <testcase name="givenAVehicle_WhenParked_ShouldReturnTrue()" classname="com.bridgelabz.ParkingLotTest" time="0.023"/>
  <testcase name="givenPoliceDepartment_WhenThereAreNoWhiteVehicles_ShouldThrowException()" classname="com.bridgelabz.ParkingLotTest" time="0.012"/>
  <testcase name="givenWhenParkingLotIsFull_ShouldInformTheOwner()" classname="com.bridgelabz.ParkingLotTest" time="0.014"/>
  <testcase name="givenHandicappedPerson_WhenParkedVehicleByAttendantShouldReturnTrue()" classname="com.bridgelabz.ParkingLotTest" time="0.009"/>
  <testcase name="givenAVehicle_WhenUnParked_ShouldReturnTrue()" classname="com.bridgelabz.ParkingLotTest" time="0.018"/>
  <testcase name="givenAVehicle_WhenAlreadyParked_ShouldThrowException()" classname="com.bridgelabz.ParkingLotTest" time="0.072"/>
  <testcase name="givenToParkVehicleByAttendant_ShouldReturnTrue()" classname="com.bridgelabz.ParkingLotTest" time="0.007"/>
  <system-out><![CDATA[]]></system-out>
  <system-err><![CDATA[]]></system-err>
</testsuite>
