<?xml version="1.0" encoding="UTF-8"?>
<testsuite name="com.bridgelabz.ParkingLotTest" tests="14" skipped="0" failures="0" errors="0" timestamp="2021-11-22T18:54:08" hostname="DESKTOP-U9VT6NQ" time="0.535">
  <properties/>
  <testcase name="givenVehicle_WhenSearchedForWhiteColorVehicle_ShouldReturnTheVehicleLocation()" classname="com.bridgelabz.ParkingLotTest" time="0.146"/>
  <testcase name="givenAVehicle_WhenAlreadyParked_ShouldReturnException()" classname="com.bridgelabz.ParkingLotTest" time="0.004"/>
  <testcase name="givenAVehicle_WhenParked_ShouldReturnTrue()" classname="com.bridgelabz.ParkingLotTest" time="0.004"/>
  <testcase name="givenVehicle_WhenParkingLotAvailableAndOwnerIsObserver_ShouldInformTheOwner()" classname="com.bridgelabz.ParkingLotTest" time="0.01"/>
  <testcase name="givenVehicle_ToParkingAttendant_ShouldParkTheVehicle()" classname="com.bridgelabz.ParkingLotTest" time="0.035"/>
  <testcase name="givenVehicle_WhenSearchedForBlueToyotaVehicle_ShouldReturnTheVehiclePosition()" classname="com.bridgelabz.ParkingLotTest" time="0.002"/>
  <testcase name="givenVehicle_WhenCheckedVehicleNumber_ShouldPassVehicleNumberPlateValidation()" classname="com.bridgelabz.ParkingLotTest" time="0.015"/>
  <testcase name="givenAVehicle_WhenParkingLotIsFull_ShouldInformTheAirportSecurity()" classname="com.bridgelabz.ParkingLotTest" time="0.004"/>
  <testcase name="givenVehicle_WhenSearchedForBlueToyotaVehicle_ShouldReturnTheVehicleNumber()" classname="com.bridgelabz.ParkingLotTest" time="0.013"/>
  <testcase name="givenAVehicle_WhenParkingLotIsFull_ShouldInformTheOwner()" classname="com.bridgelabz.ParkingLotTest" time="0.089"/>
  <testcase name="givenAVehicle_WhenUnParked_ShouldReturnTrue()" classname="com.bridgelabz.ParkingLotTest" time="0.018"/>
  <testcase name="givenParkingLotSystem_WhenCheckedForVehicle_ShouldReturnVehicleSlot()" classname="com.bridgelabz.ParkingLotTest" time="0.001"/>
  <testcase name="givenVehicle_WhenSearchedForBMWVehicle_ShouldReturnTheVehicle()" classname="com.bridgelabz.ParkingLotTest" time="0.001"/>
  <testcase name="givenAVehicle_WhenParked_ThenCheckTimeOfParking_ShouldReturnParkingTime()" classname="com.bridgelabz.ParkingLotTest" time="0.002"/>
  <system-out><![CDATA[]]></system-out>
  <system-err><![CDATA[]]></system-err>
</testsuite>
