<?xml version="1.0" encoding="UTF-8"?>
<testsuite name="com.bridgelabz.ParkingLotTest" tests="5" skipped="0" failures="0" errors="0" timestamp="2021-11-11T20:47:47" hostname="DESKTOP-U9VT6NQ" time="0.116">
  <properties/>
  <testcase name="givenWhenParkingLotIsFull_ShouldInformTheAirportSecurity()" classname="com.bridgelabz.ParkingLotTest" time="0.083"/>
  <testcase name="givenACar_WhenAlreadyParked_ShouldReturnFalse()" classname="com.bridgelabz.ParkingLotTest" time="0.005"/>
  <testcase name="givenWhenParkingLotIsFull_ShouldInformTheOwner()" classname="com.bridgelabz.ParkingLotTest" time="0.005"/>
  <testcase name="givenACar_WhenParked_ShouldReturnTrue()" classname="com.bridgelabz.ParkingLotTest" time="0.008"/>
  <testcase name="givenACar_WhenUnParked_ShouldReturnTrue()" classname="com.bridgelabz.ParkingLotTest" time="0.004"/>
  <system-out><![CDATA[]]></system-out>
  <system-err><![CDATA[]]></system-err>
</testsuite>
