<?xml version="1.0" encoding="UTF-8"?>
<testsuite name="com.bridgelabz.ParkingLotTest" tests="1" skipped="0" failures="0" errors="0" timestamp="2021-11-12T14:45:10" hostname="DESKTOP-U9VT6NQ" time="0.099">
  <properties/>
  <testcase name="givenVehicle_WhenParkingLotAvailable_ShouldInformTheOwner()" classname="com.bridgelabz.ParkingLotTest" time="0.099"/>
  <system-out><![CDATA[]]></system-out>
  <system-err><![CDATA[]]></system-err>
</testsuite>
