<?xml version="1.0" encoding="UTF-8"?>
<testsuite name="com.bridgelabz.ParkingLotTest" tests="1" skipped="0" failures="0" errors="0" timestamp="2021-11-15T14:37:25" hostname="DESKTOP-U9VT6NQ" time="0.062">
  <properties/>
  <testcase name="givenACar_WhenFound_DriverCanGoHome()" classname="com.bridgelabz.ParkingLotTest" time="0.062"/>
  <system-out><![CDATA[]]></system-out>
  <system-err><![CDATA[]]></system-err>
</testsuite>
